<?xml version="1.0" encoding="UTF-8"?>
<testsuite name="com.lynden.gmapsfx.javascript.JavascriptObjectTest" time="0.188" tests="14" errors="0" skipped="0" failures="0">
  <properties>
    <property name="java.runtime.name" value="Java(TM) SE Runtime Environment"/>
    <property name="sun.boot.library.path" value="C:\Program Files\Java\jdk1.8.0_202\jre\bin"/>
    <property name="java.vm.version" value="25.202-b08"/>
    <property name="java.vm.vendor" value="Oracle Corporation"/>
    <property name="maven.multiModuleProjectDirectory" value="C:\Users\Achraf\Desktop\Nouveau dossier\GMapsFX\GMapsFX"/>
    <property name="java.vendor.url" value="http://java.oracle.com/"/>
    <property name="path.separator" value=";"/>
    <property name="guice.disable.misplaced.annotation.check" value="true"/>
    <property name="java.vm.name" value="Java HotSpot(TM) 64-Bit Server VM"/>
    <property name="file.encoding.pkg" value="sun.io"/>
    <property name="user.script" value=""/>
    <property name="user.country" value="FR"/>
    <property name="sun.java.launcher" value="SUN_STANDARD"/>
    <property name="sun.os.patch.level" value=""/>
    <property name="java.vm.specification.name" value="Java Virtual Machine Specification"/>
    <property name="user.dir" value="C:\Users\Achraf\Desktop\Nouveau dossier\GMapsFX\GMapsFX"/>
    <property name="java.runtime.version" value="1.8.0_202-b08"/>
    <property name="java.awt.graphicsenv" value="sun.awt.Win32GraphicsEnvironment"/>
    <property name="java.endorsed.dirs" value="C:\Program Files\Java\jdk1.8.0_202\jre\lib\endorsed"/>
    <property name="os.arch" value="amd64"/>
    <property name="java.io.tmpdir" value="C:\Users\Achraf\AppData\Local\Temp\"/>
    <property name="line.separator" value="&#10;"/>
    <property name="java.vm.specification.vendor" value="Oracle Corporation"/>
    <property name="user.variant" value=""/>
    <property name="os.name" value="Windows 10"/>
    <property name="classworlds.conf" value="C:\apache-maven-3.6.3\bin\..\bin\m2.conf"/>
    <property name="sun.jnu.encoding" value="Cp1252"/>
    <property name="java.library.path" value="C:\Program Files\Java\jdk1.8.0_202\bin;C:\WINDOWS\Sun\Java\bin;C:\WINDOWS\system32;C:\WINDOWS;C:\Program Files (x86)\Common Files\Oracle\Java\javapath;C:\Program Files\Java\jdk1.8.0_202\bin;C:\wamp64\bin\php\php5.6.40;C:\ProgramData\ComposerSetup\bin;C:\Program Files\Git\cmd;C:\WINDOWS\system32;C:\WINDOWS;C:\WINDOWS\System32\Wbem;C:\WINDOWS\System32\WindowsPowerShell\v1.0\;C:\WINDOWS\System32\OpenSSH\;C:\Program Files\NVIDIA Corporation\NVIDIA NvDLISR;C:\apache-maven-3.6.3\bin;C:\Program Files (x86)\Common Files\Oracle\Java\javapath;C:\Program Files\Java\jdk1.8.0_202\bin;C:\wamp64\bin\php\php5.6.40;C:\ProgramData\ComposerSetup\bin;C:\Program Files\Git\cmd;C:\WINDOWS\system32;C:\WINDOWS;C:\WINDOWS\System32\Wbem;C:\WINDOWS\System32\WindowsPowerShell\v1.0\;C:\WINDOWS\System32\OpenSSH\;C:\Program Files\NVIDIA Corporation\NVIDIA NvDLISR;C:\Users\Achraf\Anaconda3;C:\Users\Achraf\Anaconda3\Library\mingw-w64\bin;C:\Users\Achraf\Anaconda3\Library\usr\bin;C:\Users\Achraf\Anaconda3\Library\bin;C:\Users\Achraf\Anaconda3\Scripts;D:\anaconda;D:\anaconda\Library\mingw-w64\bin;D:\anaconda\Library\usr\bin;D:\anaconda\Library\bin;D:\anaconda\Scripts;C:\Users\Achraf\AppData\Local\Microsoft\WindowsApps;C:\FPC\2.0.2\bin\i386-Win32;C:\Program Files\JetBrains\PhpStorm 2019.2.3\bin;C:\Users\Achraf\AppData\Roaming\Composer\vendor\bin;C:\Users\Achraf\DKsources\convert\;;."/>
    <property name="maven.conf" value="C:\apache-maven-3.6.3\bin\../conf"/>
    <property name="java.specification.name" value="Java Platform API Specification"/>
    <property name="java.class.version" value="52.0"/>
    <property name="sun.management.compiler" value="HotSpot 64-Bit Tiered Compilers"/>
    <property name="os.version" value="10.0"/>
    <property name="library.jansi.path" value="C:\apache-maven-3.6.3\bin\..\lib\jansi-native"/>
    <property name="user.home" value="C:\Users\Achraf"/>
    <property name="user.timezone" value="Europe/Paris"/>
    <property name="java.awt.printerjob" value="sun.awt.windows.WPrinterJob"/>
    <property name="java.specification.version" value="1.8"/>
    <property name="file.encoding" value="Cp1252"/>
    <property name="user.name" value="Achraf"/>
    <property name="java.class.path" value="C:\apache-maven-3.6.3\bin\..\boot\plexus-classworlds-2.6.0.jar"/>
    <property name="java.vm.specification.version" value="1.8"/>
    <property name="sun.arch.data.model" value="64"/>
    <property name="java.home" value="C:\Program Files\Java\jdk1.8.0_202\jre"/>
    <property name="sun.java.command" value="org.codehaus.plexus.classworlds.launcher.Launcher install"/>
    <property name="java.specification.vendor" value="Oracle Corporation"/>
    <property name="user.language" value="fr"/>
    <property name="awt.toolkit" value="sun.awt.windows.WToolkit"/>
    <property name="java.vm.info" value="mixed mode"/>
    <property name="java.version" value="1.8.0_202"/>
    <property name="java.ext.dirs" value="C:\Program Files\Java\jdk1.8.0_202\jre\lib\ext;C:\WINDOWS\Sun\Java\lib\ext"/>
    <property name="sun.boot.class.path" value="C:\Program Files\Java\jdk1.8.0_202\jre\lib\resources.jar;C:\Program Files\Java\jdk1.8.0_202\jre\lib\rt.jar;C:\Program Files\Java\jdk1.8.0_202\jre\lib\sunrsasign.jar;C:\Program Files\Java\jdk1.8.0_202\jre\lib\jsse.jar;C:\Program Files\Java\jdk1.8.0_202\jre\lib\jce.jar;C:\Program Files\Java\jdk1.8.0_202\jre\lib\charsets.jar;C:\Program Files\Java\jdk1.8.0_202\jre\lib\jfr.jar;C:\Program Files\Java\jdk1.8.0_202\jre\classes"/>
    <property name="sun.stderr.encoding" value="cp850"/>
    <property name="java.vendor" value="Oracle Corporation"/>
    <property name="maven.home" value="C:\apache-maven-3.6.3\bin\.."/>
    <property name="file.separator" value="\"/>
    <property name="java.vendor.url.bug" value="http://bugreport.sun.com/bugreport/"/>
    <property name="sun.cpu.endian" value="little"/>
    <property name="sun.io.unicode.encoding" value="UnicodeLittle"/>
    <property name="sun.stdout.encoding" value="cp850"/>
    <property name="sun.desktop" value="windows"/>
    <property name="sun.cpu.isalist" value="amd64"/>
  </properties>
  <testcase name="testInvokeJavascript" classname="com.lynden.gmapsfx.javascript.JavascriptObjectTest" time="0.156"/>
  <testcase name="testGetPropertyGeneric_Null" classname="com.lynden.gmapsfx.javascript.JavascriptObjectTest" time="0.001"/>
  <testcase name="testGetPropertyGeneric" classname="com.lynden.gmapsfx.javascript.JavascriptObjectTest" time="0.001"/>
  <testcase name="testInvokeJavascript_JavascriptObject" classname="com.lynden.gmapsfx.javascript.JavascriptObjectTest" time="0"/>
  <testcase name="testInvokeJavascriptReturnValue_Null" classname="com.lynden.gmapsfx.javascript.JavascriptObjectTest" time="0"/>
  <testcase name="testGetJSObject" classname="com.lynden.gmapsfx.javascript.JavascriptObjectTest" time="0.001"/>
  <testcase name="testGetProperty" classname="com.lynden.gmapsfx.javascript.JavascriptObjectTest" time="0.001"/>
  <testcase name="testCreateJavascriptObject" classname="com.lynden.gmapsfx.javascript.JavascriptObjectTest" time="0"/>
  <testcase name="testGetVariableName" classname="com.lynden.gmapsfx.javascript.JavascriptObjectTest" time="0.001"/>
  <testcase name="testSetProperty_Object" classname="com.lynden.gmapsfx.javascript.JavascriptObjectTest" time="0.017"/>
  <testcase name="testSetProperty_JavascriptObject" classname="com.lynden.gmapsfx.javascript.JavascriptObjectTest" time="0.001"/>
  <testcase name="testGetNextVariableName" classname="com.lynden.gmapsfx.javascript.JavascriptObjectTest" time="0"/>
  <testcase name="testSetProperty_JavascriptEnum" classname="com.lynden.gmapsfx.javascript.JavascriptObjectTest" time="0.002"/>
  <testcase name="testInvokeJavascriptReturnValue" classname="com.lynden.gmapsfx.javascript.JavascriptObjectTest" time="0.007"/>
</testsuite>